2022-06-15 10:08:17,723 [Worker-5: Loading available Gradle versions] INFO  o.e.b.c.i.u.g.PublishedGradleVersions - Gradle version information cache is out-of-date. Trying to update.
2022-06-15 10:27:49,923 [Worker-15: Creating maven-archetype-quickstart] INFO  o.e.m.c.i.p.ProjectConfigurationManager - Collecting project info '/pom.xml' /Users/ramanujdas/Documents/Training-Programs/cg-aws-june-2022/employee-app/pom.xml
2022-06-15 10:27:51,273 [Worker-15: Creating maven-archetype-quickstart] INFO  o.e.m.c.i.l.LifecycleMappingFactory - Using org.eclipse.m2e.jdt.JarLifecycleMapping lifecycle mapping for MavenProject: com.cg.employeeapp:employee-app:0.0.1-SNAPSHOT @ /Users/ramanujdas/Documents/Training-Programs/cg-aws-june-2022/employee-app/pom.xml.
2022-06-15 10:27:51,930 [Worker-15: Creating maven-archetype-quickstart] INFO  o.e.m.j.i.AbstractJavaProjectConfigurator - Adding source folder /employee-app/src/main/java
2022-06-15 10:27:51,933 [Worker-15: Creating maven-archetype-quickstart] INFO  o.e.m.j.i.AbstractJavaProjectConfigurator - Adding source folder /employee-app/src/test/java
2022-06-15 10:27:53,125 [Worker-15: Creating maven-archetype-quickstart] INFO  o.e.m.c.i.p.ProjectConfigurationManager - Imported and configured 1 project(s) in 3 sec
2022-06-15 10:27:54,498 [Worker-6: Building] INFO  o.e.m.c.i.embedder.EclipseLogger - Using 'UTF-8' encoding to copy filtered resources.
2022-06-15 10:27:54,499 [Worker-6: Building] INFO  o.e.m.c.i.embedder.EclipseLogger - skip non existing resourceDirectory /Users/ramanujdas/Documents/Training-Programs/cg-aws-june-2022/employee-app/src/main/resources
2022-06-15 10:27:54,501 [Worker-6: Building] INFO  o.e.m.c.i.embedder.EclipseLogger - Using 'UTF-8' encoding to copy filtered resources.
2022-06-15 10:27:54,501 [Worker-6: Building] INFO  o.e.m.c.i.embedder.EclipseLogger - skip non existing resourceDirectory /Users/ramanujdas/Documents/Training-Programs/cg-aws-june-2022/employee-app/src/test/resources
2022-06-15 10:29:21,945 [Worker-14: Building] INFO  o.e.m.c.i.l.LifecycleMappingFactory - Using org.eclipse.m2e.jdt.JarLifecycleMapping lifecycle mapping for MavenProject: com.cg.employeeapp:employee-app:0.0.1-SNAPSHOT @ /Users/ramanujdas/Documents/Training-Programs/cg-aws-june-2022/employee-app/pom.xml.
2022-06-15 10:29:22,134 [Worker-14: Building] INFO  o.e.m.c.i.embedder.EclipseLogger - Using 'UTF-8' encoding to copy filtered resources.
2022-06-15 10:29:22,134 [Worker-14: Building] INFO  o.e.m.c.i.embedder.EclipseLogger - skip non existing resourceDirectory /Users/ramanujdas/Documents/Training-Programs/cg-aws-june-2022/employee-app/src/main/resources
2022-06-15 10:29:22,137 [Worker-14: Building] INFO  o.e.m.c.i.embedder.EclipseLogger - Using 'UTF-8' encoding to copy filtered resources.
2022-06-15 10:29:22,138 [Worker-14: Building] INFO  o.e.m.c.i.embedder.EclipseLogger - skip non existing resourceDirectory /Users/ramanujdas/Documents/Training-Programs/cg-aws-june-2022/employee-app/src/test/resources
2022-06-15 10:29:35,776 [Worker-6: Updating Maven Project] INFO  o.e.m.c.i.p.ProjectConfigurationManager - Update started
2022-06-15 10:29:36,204 [Worker-6: Updating Maven Project] INFO  o.e.m.c.i.l.LifecycleMappingFactory - Using org.eclipse.m2e.jdt.JarLifecycleMapping lifecycle mapping for MavenProject: com.cg.employeeapp:employee-app:0.0.1-SNAPSHOT @ /Users/ramanujdas/Documents/Training-Programs/cg-aws-june-2022/employee-app/pom.xml.
2022-06-15 10:29:36,399 [Worker-6: Updating Maven Project] INFO  o.e.m.j.i.AbstractJavaProjectConfigurator - Adding source folder /employee-app/src/main/java
2022-06-15 10:29:36,400 [Worker-6: Updating Maven Project] INFO  o.e.m.j.i.AbstractJavaProjectConfigurator - Adding source folder /employee-app/src/test/java
2022-06-15 10:29:43,772 [Worker-6: Updating Maven Project] INFO  o.e.m.c.i.p.ProjectConfigurationManager - Update completed: 7 sec
2022-06-15 10:29:44,375 [Worker-15: Building] INFO  o.e.m.c.i.embedder.EclipseLogger - Using 'UTF-8' encoding to copy filtered resources.
2022-06-15 10:29:44,376 [Worker-15: Building] INFO  o.e.m.c.i.embedder.EclipseLogger - skip non existing resourceDirectory /Users/ramanujdas/Documents/Training-Programs/cg-aws-june-2022/employee-app/src/main/resources
2022-06-15 10:29:44,378 [Worker-15: Building] INFO  o.e.m.c.i.embedder.EclipseLogger - Using 'UTF-8' encoding to copy filtered resources.
2022-06-15 10:29:44,378 [Worker-15: Building] INFO  o.e.m.c.i.embedder.EclipseLogger - skip non existing resourceDirectory /Users/ramanujdas/Documents/Training-Programs/cg-aws-june-2022/employee-app/src/test/resources
2022-06-15 10:33:54,886 [Worker-20: Building] INFO  o.e.m.c.i.l.LifecycleMappingFactory - Using org.eclipse.m2e.jdt.JarLifecycleMapping lifecycle mapping for MavenProject: com.cg.employeeapp:employee-app:0.0.1-SNAPSHOT @ /Users/ramanujdas/Documents/Training-Programs/cg-aws-june-2022/employee-app/pom.xml.
2022-06-15 10:33:55,212 [Worker-20: Building] INFO  o.e.m.c.i.embedder.EclipseLogger - Using 'UTF-8' encoding to copy filtered resources.
2022-06-15 10:33:55,212 [Worker-20: Building] INFO  o.e.m.c.i.embedder.EclipseLogger - skip non existing resourceDirectory /Users/ramanujdas/Documents/Training-Programs/cg-aws-june-2022/employee-app/src/main/resources
2022-06-15 10:33:55,216 [Worker-20: Building] INFO  o.e.m.c.i.embedder.EclipseLogger - Using 'UTF-8' encoding to copy filtered resources.
2022-06-15 10:33:55,218 [Worker-20: Building] INFO  o.e.m.c.i.embedder.EclipseLogger - skip non existing resourceDirectory /Users/ramanujdas/Documents/Training-Programs/cg-aws-june-2022/employee-app/src/test/resources
2022-06-15 10:33:56,963 [Worker-21: Building] INFO  o.e.m.c.i.embedder.EclipseLogger - Using 'UTF-8' encoding to copy filtered resources.
2022-06-15 10:33:56,964 [Worker-21: Building] INFO  o.e.m.c.i.embedder.EclipseLogger - skip non existing resourceDirectory /Users/ramanujdas/Documents/Training-Programs/cg-aws-june-2022/employee-app/src/main/resources
2022-06-15 10:33:56,965 [Worker-21: Building] INFO  o.e.m.c.i.embedder.EclipseLogger - Using 'UTF-8' encoding to copy filtered resources.
2022-06-15 10:33:56,966 [Worker-21: Building] INFO  o.e.m.c.i.embedder.EclipseLogger - skip non existing resourceDirectory /Users/ramanujdas/Documents/Training-Programs/cg-aws-june-2022/employee-app/src/test/resources
2022-06-15 10:33:57,530 [Worker-15: Download sources and javadoc] INFO  o.e.m.c.i.e.AbstractTransferListenerAdapter - Downloading https://repo.maven.apache.org/maven2/org/postgresql/postgresql/42.4.0/postgresql-42.4.0-sources.jar
2022-06-15 10:33:58,551 [Worker-15: Download sources and javadoc] INFO  o.e.m.c.i.e.AbstractTransferListenerAdapter - Downloaded https://repo.maven.apache.org/maven2/org/postgresql/postgresql/42.4.0/postgresql-42.4.0-sources.jar
2022-06-15 10:33:58,576 [Worker-15: Download sources and javadoc] INFO  o.e.m.j.internal.DownloadSourcesJob - Downloaded sources for org.postgresql:postgresql:42.4.0
2022-06-15 10:33:59,477 [Worker-15: Download sources and javadoc] INFO  o.e.m.c.i.e.AbstractTransferListenerAdapter - Downloading https://repo.maven.apache.org/maven2/org/checkerframework/checker-qual/3.5.0/checker-qual-3.5.0-sources.jar
2022-06-15 10:34:00,197 [Worker-15: Download sources and javadoc] INFO  o.e.m.c.i.e.AbstractTransferListenerAdapter - Downloaded https://repo.maven.apache.org/maven2/org/checkerframework/checker-qual/3.5.0/checker-qual-3.5.0-sources.jar
2022-06-15 10:34:00,209 [Worker-15: Download sources and javadoc] INFO  o.e.m.j.internal.DownloadSourcesJob - Downloaded sources for org.checkerframework:checker-qual:3.5.0
2022-06-15 10:34:00,520 [Worker-21: Building] INFO  o.e.m.c.i.embedder.EclipseLogger - Using 'UTF-8' encoding to copy filtered resources.
2022-06-15 10:34:00,520 [Worker-21: Building] INFO  o.e.m.c.i.embedder.EclipseLogger - skip non existing resourceDirectory /Users/ramanujdas/Documents/Training-Programs/cg-aws-june-2022/employee-app/src/main/resources
2022-06-15 10:34:00,521 [Worker-21: Building] INFO  o.e.m.c.i.embedder.EclipseLogger - Using 'UTF-8' encoding to copy filtered resources.
2022-06-15 10:34:00,522 [Worker-21: Building] INFO  o.e.m.c.i.embedder.EclipseLogger - skip non existing resourceDirectory /Users/ramanujdas/Documents/Training-Programs/cg-aws-june-2022/employee-app/src/test/resources
2022-06-15 10:34:43,113 [Worker-6: Building] INFO  o.e.m.c.i.l.LifecycleMappingFactory - Using org.eclipse.m2e.jdt.JarLifecycleMapping lifecycle mapping for MavenProject: com.cg.employeeapp:employee-app:0.0.1-SNAPSHOT @ /Users/ramanujdas/Documents/Training-Programs/cg-aws-june-2022/employee-app/pom.xml.
2022-06-15 10:34:43,546 [Worker-6: Building] INFO  o.e.m.c.i.embedder.EclipseLogger - Using 'UTF-8' encoding to copy filtered resources.
2022-06-15 10:34:43,547 [Worker-6: Building] INFO  o.e.m.c.i.embedder.EclipseLogger - skip non existing resourceDirectory /Users/ramanujdas/Documents/Training-Programs/cg-aws-june-2022/employee-app/src/main/resources
2022-06-15 10:34:43,549 [Worker-6: Building] INFO  o.e.m.c.i.embedder.EclipseLogger - Using 'UTF-8' encoding to copy filtered resources.
2022-06-15 10:34:43,549 [Worker-6: Building] INFO  o.e.m.c.i.embedder.EclipseLogger - skip non existing resourceDirectory /Users/ramanujdas/Documents/Training-Programs/cg-aws-june-2022/employee-app/src/test/resources
2022-06-15 10:34:44,982 [Worker-15: Building] INFO  o.e.m.c.i.embedder.EclipseLogger - Using 'UTF-8' encoding to copy filtered resources.
2022-06-15 10:34:44,982 [Worker-15: Building] INFO  o.e.m.c.i.embedder.EclipseLogger - skip non existing resourceDirectory /Users/ramanujdas/Documents/Training-Programs/cg-aws-june-2022/employee-app/src/main/resources
2022-06-15 10:34:44,983 [Worker-15: Building] INFO  o.e.m.c.i.embedder.EclipseLogger - Using 'UTF-8' encoding to copy filtered resources.
2022-06-15 10:34:44,984 [Worker-15: Building] INFO  o.e.m.c.i.embedder.EclipseLogger - skip non existing resourceDirectory /Users/ramanujdas/Documents/Training-Programs/cg-aws-june-2022/employee-app/src/test/resources
2022-06-15 10:36:50,722 [Worker-24: Building] INFO  o.e.m.c.i.embedder.EclipseLogger - Using 'UTF-8' encoding to copy filtered resources.
2022-06-15 10:36:50,725 [Worker-24: Building] INFO  o.e.m.c.i.embedder.EclipseLogger - skip non existing resourceDirectory /Users/ramanujdas/Documents/Training-Programs/cg-aws-june-2022/employee-app/src/main/resources
2022-06-15 10:36:50,728 [Worker-24: Building] INFO  o.e.m.c.i.embedder.EclipseLogger - Using 'UTF-8' encoding to copy filtered resources.
2022-06-15 10:36:50,728 [Worker-24: Building] INFO  o.e.m.c.i.embedder.EclipseLogger - skip non existing resourceDirectory /Users/ramanujdas/Documents/Training-Programs/cg-aws-june-2022/employee-app/src/test/resources
2022-06-15 10:36:51,765 [Worker-6: Building] INFO  o.e.m.c.i.embedder.EclipseLogger - Using 'UTF-8' encoding to copy filtered resources.
2022-06-15 10:36:51,766 [Worker-6: Building] INFO  o.e.m.c.i.embedder.EclipseLogger - skip non existing resourceDirectory /Users/ramanujdas/Documents/Training-Programs/cg-aws-june-2022/employee-app/src/main/resources
2022-06-15 10:36:51,769 [Worker-6: Building] INFO  o.e.m.c.i.embedder.EclipseLogger - Using 'UTF-8' encoding to copy filtered resources.
2022-06-15 10:36:51,769 [Worker-6: Building] INFO  o.e.m.c.i.embedder.EclipseLogger - skip non existing resourceDirectory /Users/ramanujdas/Documents/Training-Programs/cg-aws-june-2022/employee-app/src/test/resources
2022-06-15 10:38:53,547 [Worker-30: Building] INFO  o.e.m.c.i.embedder.EclipseLogger - Using 'UTF-8' encoding to copy filtered resources.
2022-06-15 10:38:53,549 [Worker-30: Building] INFO  o.e.m.c.i.embedder.EclipseLogger - skip non existing resourceDirectory /Users/ramanujdas/Documents/Training-Programs/cg-aws-june-2022/employee-app/src/main/resources
2022-06-15 10:38:53,551 [Worker-30: Building] INFO  o.e.m.c.i.embedder.EclipseLogger - Using 'UTF-8' encoding to copy filtered resources.
2022-06-15 10:38:53,551 [Worker-30: Building] INFO  o.e.m.c.i.embedder.EclipseLogger - skip non existing resourceDirectory /Users/ramanujdas/Documents/Training-Programs/cg-aws-june-2022/employee-app/src/test/resources
2022-06-15 10:40:30,851 [Worker-26: Building] INFO  o.e.m.c.i.embedder.EclipseLogger - Using 'UTF-8' encoding to copy filtered resources.
2022-06-15 10:40:30,855 [Worker-26: Building] INFO  o.e.m.c.i.embedder.EclipseLogger - skip non existing resourceDirectory /Users/ramanujdas/Documents/Training-Programs/cg-aws-june-2022/employee-app/src/main/resources
2022-06-15 10:40:30,868 [Worker-26: Building] INFO  o.e.m.c.i.embedder.EclipseLogger - Using 'UTF-8' encoding to copy filtered resources.
2022-06-15 10:40:30,868 [Worker-26: Building] INFO  o.e.m.c.i.embedder.EclipseLogger - skip non existing resourceDirectory /Users/ramanujdas/Documents/Training-Programs/cg-aws-june-2022/employee-app/src/test/resources
2022-06-15 10:43:02,728 [Worker-29: Building] INFO  o.e.m.c.i.embedder.EclipseLogger - Using 'UTF-8' encoding to copy filtered resources.
2022-06-15 10:43:02,730 [Worker-29: Building] INFO  o.e.m.c.i.embedder.EclipseLogger - skip non existing resourceDirectory /Users/ramanujdas/Documents/Training-Programs/cg-aws-june-2022/employee-app/src/main/resources
2022-06-15 10:43:02,732 [Worker-29: Building] INFO  o.e.m.c.i.embedder.EclipseLogger - Using 'UTF-8' encoding to copy filtered resources.
2022-06-15 10:43:02,732 [Worker-29: Building] INFO  o.e.m.c.i.embedder.EclipseLogger - skip non existing resourceDirectory /Users/ramanujdas/Documents/Training-Programs/cg-aws-june-2022/employee-app/src/test/resources
2022-06-15 10:43:57,081 [Worker-26: Building] INFO  o.e.m.c.i.embedder.EclipseLogger - Using 'UTF-8' encoding to copy filtered resources.
2022-06-15 10:43:57,083 [Worker-26: Building] INFO  o.e.m.c.i.embedder.EclipseLogger - skip non existing resourceDirectory /Users/ramanujdas/Documents/Training-Programs/cg-aws-june-2022/employee-app/src/main/resources
2022-06-15 10:43:57,089 [Worker-26: Building] INFO  o.e.m.c.i.embedder.EclipseLogger - Using 'UTF-8' encoding to copy filtered resources.
2022-06-15 10:43:57,089 [Worker-26: Building] INFO  o.e.m.c.i.embedder.EclipseLogger - skip non existing resourceDirectory /Users/ramanujdas/Documents/Training-Programs/cg-aws-june-2022/employee-app/src/test/resources
2022-06-15 10:44:15,775 [Worker-29: Building] INFO  o.e.m.c.i.embedder.EclipseLogger - Using 'UTF-8' encoding to copy filtered resources.
2022-06-15 10:44:15,779 [Worker-29: Building] INFO  o.e.m.c.i.embedder.EclipseLogger - skip non existing resourceDirectory /Users/ramanujdas/Documents/Training-Programs/cg-aws-june-2022/employee-app/src/main/resources
2022-06-15 10:44:15,780 [Worker-29: Building] INFO  o.e.m.c.i.embedder.EclipseLogger - Using 'UTF-8' encoding to copy filtered resources.
2022-06-15 10:44:15,780 [Worker-29: Building] INFO  o.e.m.c.i.embedder.EclipseLogger - skip non existing resourceDirectory /Users/ramanujdas/Documents/Training-Programs/cg-aws-june-2022/employee-app/src/test/resources
2022-06-15 10:44:45,280 [Worker-24: Building] INFO  o.e.m.c.i.embedder.EclipseLogger - Using 'UTF-8' encoding to copy filtered resources.
2022-06-15 10:44:45,281 [Worker-24: Building] INFO  o.e.m.c.i.embedder.EclipseLogger - skip non existing resourceDirectory /Users/ramanujdas/Documents/Training-Programs/cg-aws-june-2022/employee-app/src/main/resources
2022-06-15 10:44:45,282 [Worker-24: Building] INFO  o.e.m.c.i.embedder.EclipseLogger - Using 'UTF-8' encoding to copy filtered resources.
2022-06-15 10:44:45,282 [Worker-24: Building] INFO  o.e.m.c.i.embedder.EclipseLogger - skip non existing resourceDirectory /Users/ramanujdas/Documents/Training-Programs/cg-aws-june-2022/employee-app/src/test/resources
2022-06-15 10:50:57,216 [Worker-36: Building] INFO  o.e.m.c.i.embedder.EclipseLogger - Using 'UTF-8' encoding to copy filtered resources.
2022-06-15 10:50:57,218 [Worker-36: Building] INFO  o.e.m.c.i.embedder.EclipseLogger - skip non existing resourceDirectory /Users/ramanujdas/Documents/Training-Programs/cg-aws-june-2022/employee-app/src/main/resources
2022-06-15 10:50:57,219 [Worker-36: Building] INFO  o.e.m.c.i.embedder.EclipseLogger - Using 'UTF-8' encoding to copy filtered resources.
2022-06-15 10:50:57,219 [Worker-36: Building] INFO  o.e.m.c.i.embedder.EclipseLogger - skip non existing resourceDirectory /Users/ramanujdas/Documents/Training-Programs/cg-aws-june-2022/employee-app/src/test/resources
2022-06-15 10:53:45,315 [Worker-39: Building] INFO  o.e.m.c.i.embedder.EclipseLogger - Using 'UTF-8' encoding to copy filtered resources.
2022-06-15 10:53:45,318 [Worker-39: Building] INFO  o.e.m.c.i.embedder.EclipseLogger - skip non existing resourceDirectory /Users/ramanujdas/Documents/Training-Programs/cg-aws-june-2022/employee-app/src/main/resources
2022-06-15 10:53:45,320 [Worker-39: Building] INFO  o.e.m.c.i.embedder.EclipseLogger - Using 'UTF-8' encoding to copy filtered resources.
2022-06-15 10:53:45,320 [Worker-39: Building] INFO  o.e.m.c.i.embedder.EclipseLogger - skip non existing resourceDirectory /Users/ramanujdas/Documents/Training-Programs/cg-aws-june-2022/employee-app/src/test/resources
2022-06-15 10:58:40,386 [Worker-40: Building] INFO  o.e.m.c.i.embedder.EclipseLogger - Using 'UTF-8' encoding to copy filtered resources.
2022-06-15 10:58:40,388 [Worker-40: Building] INFO  o.e.m.c.i.embedder.EclipseLogger - skip non existing resourceDirectory /Users/ramanujdas/Documents/Training-Programs/cg-aws-june-2022/employee-app/src/main/resources
2022-06-15 10:58:40,389 [Worker-40: Building] INFO  o.e.m.c.i.embedder.EclipseLogger - Using 'UTF-8' encoding to copy filtered resources.
2022-06-15 10:58:40,390 [Worker-40: Building] INFO  o.e.m.c.i.embedder.EclipseLogger - skip non existing resourceDirectory /Users/ramanujdas/Documents/Training-Programs/cg-aws-june-2022/employee-app/src/test/resources
2022-06-15 10:58:44,385 [Worker-42: Building] INFO  o.e.m.c.i.embedder.EclipseLogger - Using 'UTF-8' encoding to copy filtered resources.
2022-06-15 10:58:44,388 [Worker-42: Building] INFO  o.e.m.c.i.embedder.EclipseLogger - skip non existing resourceDirectory /Users/ramanujdas/Documents/Training-Programs/cg-aws-june-2022/employee-app/src/main/resources
2022-06-15 10:58:44,390 [Worker-42: Building] INFO  o.e.m.c.i.embedder.EclipseLogger - Using 'UTF-8' encoding to copy filtered resources.
2022-06-15 10:58:44,390 [Worker-42: Building] INFO  o.e.m.c.i.embedder.EclipseLogger - skip non existing resourceDirectory /Users/ramanujdas/Documents/Training-Programs/cg-aws-june-2022/employee-app/src/test/resources
2022-06-15 12:02:38,199 [Worker-49: Building] INFO  o.e.m.c.i.embedder.EclipseLogger - Using 'UTF-8' encoding to copy filtered resources.
2022-06-15 12:02:38,215 [Worker-49: Building] INFO  o.e.m.c.i.embedder.EclipseLogger - skip non existing resourceDirectory /Users/ramanujdas/Documents/Training-Programs/cg-aws-june-2022/employee-app/src/main/resources
2022-06-15 12:02:38,218 [Worker-49: Building] INFO  o.e.m.c.i.embedder.EclipseLogger - Using 'UTF-8' encoding to copy filtered resources.
2022-06-15 12:02:38,218 [Worker-49: Building] INFO  o.e.m.c.i.embedder.EclipseLogger - skip non existing resourceDirectory /Users/ramanujdas/Documents/Training-Programs/cg-aws-june-2022/employee-app/src/test/resources
2022-06-15 12:06:19,559 [Worker-50: Building] INFO  o.e.m.c.i.embedder.EclipseLogger - Using 'UTF-8' encoding to copy filtered resources.
2022-06-15 12:06:19,569 [Worker-50: Building] INFO  o.e.m.c.i.embedder.EclipseLogger - skip non existing resourceDirectory /Users/ramanujdas/Documents/Training-Programs/cg-aws-june-2022/employee-app/src/main/resources
2022-06-15 12:06:19,574 [Worker-50: Building] INFO  o.e.m.c.i.embedder.EclipseLogger - Using 'UTF-8' encoding to copy filtered resources.
2022-06-15 12:06:19,574 [Worker-50: Building] INFO  o.e.m.c.i.embedder.EclipseLogger - skip non existing resourceDirectory /Users/ramanujdas/Documents/Training-Programs/cg-aws-june-2022/employee-app/src/test/resources
2022-06-15 12:06:32,266 [Worker-51: Building] INFO  o.e.m.c.i.embedder.EclipseLogger - Using 'UTF-8' encoding to copy filtered resources.
2022-06-15 12:06:32,269 [Worker-51: Building] INFO  o.e.m.c.i.embedder.EclipseLogger - skip non existing resourceDirectory /Users/ramanujdas/Documents/Training-Programs/cg-aws-june-2022/employee-app/src/main/resources
2022-06-15 12:06:32,272 [Worker-51: Building] INFO  o.e.m.c.i.embedder.EclipseLogger - Using 'UTF-8' encoding to copy filtered resources.
2022-06-15 12:06:32,273 [Worker-51: Building] INFO  o.e.m.c.i.embedder.EclipseLogger - skip non existing resourceDirectory /Users/ramanujdas/Documents/Training-Programs/cg-aws-june-2022/employee-app/src/test/resources
2022-06-15 12:07:45,409 [Worker-45: Building] INFO  o.e.m.c.i.embedder.EclipseLogger - Using 'UTF-8' encoding to copy filtered resources.
2022-06-15 12:07:45,450 [Worker-45: Building] INFO  o.e.m.c.i.embedder.EclipseLogger - skip non existing resourceDirectory /Users/ramanujdas/Documents/Training-Programs/cg-aws-june-2022/employee-app/src/main/resources
2022-06-15 12:07:45,456 [Worker-45: Building] INFO  o.e.m.c.i.embedder.EclipseLogger - Using 'UTF-8' encoding to copy filtered resources.
2022-06-15 12:07:45,456 [Worker-45: Building] INFO  o.e.m.c.i.embedder.EclipseLogger - skip non existing resourceDirectory /Users/ramanujdas/Documents/Training-Programs/cg-aws-june-2022/employee-app/src/test/resources
2022-06-15 12:10:37,372 [Worker-54: Building] INFO  o.e.m.c.i.embedder.EclipseLogger - Using 'UTF-8' encoding to copy filtered resources.
2022-06-15 12:10:37,386 [Worker-54: Building] INFO  o.e.m.c.i.embedder.EclipseLogger - skip non existing resourceDirectory /Users/ramanujdas/Documents/Training-Programs/cg-aws-june-2022/employee-app/src/main/resources
2022-06-15 12:10:37,390 [Worker-54: Building] INFO  o.e.m.c.i.embedder.EclipseLogger - Using 'UTF-8' encoding to copy filtered resources.
2022-06-15 12:10:37,391 [Worker-54: Building] INFO  o.e.m.c.i.embedder.EclipseLogger - skip non existing resourceDirectory /Users/ramanujdas/Documents/Training-Programs/cg-aws-june-2022/employee-app/src/test/resources
2022-06-15 12:13:34,745 [Worker-54: Building] INFO  o.e.m.c.i.embedder.EclipseLogger - Using 'UTF-8' encoding to copy filtered resources.
2022-06-15 12:13:34,752 [Worker-54: Building] INFO  o.e.m.c.i.embedder.EclipseLogger - skip non existing resourceDirectory /Users/ramanujdas/Documents/Training-Programs/cg-aws-june-2022/employee-app/src/main/resources
2022-06-15 12:13:34,756 [Worker-54: Building] INFO  o.e.m.c.i.embedder.EclipseLogger - Using 'UTF-8' encoding to copy filtered resources.
2022-06-15 12:13:34,757 [Worker-54: Building] INFO  o.e.m.c.i.embedder.EclipseLogger - skip non existing resourceDirectory /Users/ramanujdas/Documents/Training-Programs/cg-aws-june-2022/employee-app/src/test/resources
2022-06-15 12:14:11,968 [Worker-56: Building] INFO  o.e.m.c.i.embedder.EclipseLogger - Using 'UTF-8' encoding to copy filtered resources.
2022-06-15 12:14:11,976 [Worker-56: Building] INFO  o.e.m.c.i.embedder.EclipseLogger - skip non existing resourceDirectory /Users/ramanujdas/Documents/Training-Programs/cg-aws-june-2022/employee-app/src/main/resources
2022-06-15 12:14:11,980 [Worker-56: Building] INFO  o.e.m.c.i.embedder.EclipseLogger - Using 'UTF-8' encoding to copy filtered resources.
2022-06-15 12:14:11,980 [Worker-56: Building] INFO  o.e.m.c.i.embedder.EclipseLogger - skip non existing resourceDirectory /Users/ramanujdas/Documents/Training-Programs/cg-aws-june-2022/employee-app/src/test/resources
2022-06-15 12:15:37,067 [Worker-57: Building] INFO  o.e.m.c.i.embedder.EclipseLogger - Using 'UTF-8' encoding to copy filtered resources.
2022-06-15 12:15:37,082 [Worker-57: Building] INFO  o.e.m.c.i.embedder.EclipseLogger - skip non existing resourceDirectory /Users/ramanujdas/Documents/Training-Programs/cg-aws-june-2022/employee-app/src/main/resources
2022-06-15 12:15:37,087 [Worker-57: Building] INFO  o.e.m.c.i.embedder.EclipseLogger - Using 'UTF-8' encoding to copy filtered resources.
2022-06-15 12:15:37,087 [Worker-57: Building] INFO  o.e.m.c.i.embedder.EclipseLogger - skip non existing resourceDirectory /Users/ramanujdas/Documents/Training-Programs/cg-aws-june-2022/employee-app/src/test/resources
2022-06-15 12:16:14,365 [Worker-45: Building] INFO  o.e.m.c.i.embedder.EclipseLogger - Using 'UTF-8' encoding to copy filtered resources.
2022-06-15 12:16:14,415 [Worker-45: Building] INFO  o.e.m.c.i.embedder.EclipseLogger - skip non existing resourceDirectory /Users/ramanujdas/Documents/Training-Programs/cg-aws-june-2022/employee-app/src/main/resources
2022-06-15 12:16:14,421 [Worker-45: Building] INFO  o.e.m.c.i.embedder.EclipseLogger - Using 'UTF-8' encoding to copy filtered resources.
2022-06-15 12:16:14,422 [Worker-45: Building] INFO  o.e.m.c.i.embedder.EclipseLogger - skip non existing resourceDirectory /Users/ramanujdas/Documents/Training-Programs/cg-aws-june-2022/employee-app/src/test/resources
2022-06-15 12:17:04,605 [Worker-54: Building] INFO  o.e.m.c.i.embedder.EclipseLogger - Using 'UTF-8' encoding to copy filtered resources.
2022-06-15 12:17:04,611 [Worker-54: Building] INFO  o.e.m.c.i.embedder.EclipseLogger - skip non existing resourceDirectory /Users/ramanujdas/Documents/Training-Programs/cg-aws-june-2022/employee-app/src/main/resources
2022-06-15 12:17:04,624 [Worker-54: Building] INFO  o.e.m.c.i.embedder.EclipseLogger - Using 'UTF-8' encoding to copy filtered resources.
2022-06-15 12:17:04,624 [Worker-54: Building] INFO  o.e.m.c.i.embedder.EclipseLogger - skip non existing resourceDirectory /Users/ramanujdas/Documents/Training-Programs/cg-aws-june-2022/employee-app/src/test/resources
2022-06-15 12:19:20,682 [Worker-45: Building] INFO  o.e.m.c.i.embedder.EclipseLogger - Using 'UTF-8' encoding to copy filtered resources.
2022-06-15 12:19:20,695 [Worker-45: Building] INFO  o.e.m.c.i.embedder.EclipseLogger - skip non existing resourceDirectory /Users/ramanujdas/Documents/Training-Programs/cg-aws-june-2022/employee-app/src/main/resources
2022-06-15 12:19:20,699 [Worker-45: Building] INFO  o.e.m.c.i.embedder.EclipseLogger - Using 'UTF-8' encoding to copy filtered resources.
2022-06-15 12:19:20,701 [Worker-45: Building] INFO  o.e.m.c.i.embedder.EclipseLogger - skip non existing resourceDirectory /Users/ramanujdas/Documents/Training-Programs/cg-aws-june-2022/employee-app/src/test/resources
2022-06-15 12:19:36,977 [Worker-59: Building] INFO  o.e.m.c.i.embedder.EclipseLogger - Using 'UTF-8' encoding to copy filtered resources.
2022-06-15 12:19:36,989 [Worker-59: Building] INFO  o.e.m.c.i.embedder.EclipseLogger - skip non existing resourceDirectory /Users/ramanujdas/Documents/Training-Programs/cg-aws-june-2022/employee-app/src/main/resources
2022-06-15 12:19:36,999 [Worker-59: Building] INFO  o.e.m.c.i.embedder.EclipseLogger - Using 'UTF-8' encoding to copy filtered resources.
2022-06-15 12:19:37,000 [Worker-59: Building] INFO  o.e.m.c.i.embedder.EclipseLogger - skip non existing resourceDirectory /Users/ramanujdas/Documents/Training-Programs/cg-aws-june-2022/employee-app/src/test/resources
2022-06-15 12:20:15,046 [Worker-53: Building] INFO  o.e.m.c.i.embedder.EclipseLogger - Using 'UTF-8' encoding to copy filtered resources.
2022-06-15 12:20:15,078 [Worker-53: Building] INFO  o.e.m.c.i.embedder.EclipseLogger - skip non existing resourceDirectory /Users/ramanujdas/Documents/Training-Programs/cg-aws-june-2022/employee-app/src/main/resources
2022-06-15 12:20:15,086 [Worker-53: Building] INFO  o.e.m.c.i.embedder.EclipseLogger - Using 'UTF-8' encoding to copy filtered resources.
2022-06-15 12:20:15,087 [Worker-53: Building] INFO  o.e.m.c.i.embedder.EclipseLogger - skip non existing resourceDirectory /Users/ramanujdas/Documents/Training-Programs/cg-aws-june-2022/employee-app/src/test/resources
2022-06-15 12:21:36,601 [Worker-55: Building] INFO  o.e.m.c.i.embedder.EclipseLogger - Using 'UTF-8' encoding to copy filtered resources.
2022-06-15 12:21:36,628 [Worker-55: Building] INFO  o.e.m.c.i.embedder.EclipseLogger - skip non existing resourceDirectory /Users/ramanujdas/Documents/Training-Programs/cg-aws-june-2022/employee-app/src/main/resources
2022-06-15 12:21:36,636 [Worker-55: Building] INFO  o.e.m.c.i.embedder.EclipseLogger - Using 'UTF-8' encoding to copy filtered resources.
2022-06-15 12:21:36,636 [Worker-55: Building] INFO  o.e.m.c.i.embedder.EclipseLogger - skip non existing resourceDirectory /Users/ramanujdas/Documents/Training-Programs/cg-aws-june-2022/employee-app/src/test/resources
2022-06-15 12:21:59,353 [Worker-55: Building] INFO  o.e.m.c.i.embedder.EclipseLogger - Using 'UTF-8' encoding to copy filtered resources.
2022-06-15 12:21:59,358 [Worker-55: Building] INFO  o.e.m.c.i.embedder.EclipseLogger - skip non existing resourceDirectory /Users/ramanujdas/Documents/Training-Programs/cg-aws-june-2022/employee-app/src/main/resources
2022-06-15 12:21:59,361 [Worker-55: Building] INFO  o.e.m.c.i.embedder.EclipseLogger - Using 'UTF-8' encoding to copy filtered resources.
2022-06-15 12:21:59,362 [Worker-55: Building] INFO  o.e.m.c.i.embedder.EclipseLogger - skip non existing resourceDirectory /Users/ramanujdas/Documents/Training-Programs/cg-aws-june-2022/employee-app/src/test/resources
2022-06-15 12:23:06,892 [Worker-58: Building] INFO  o.e.m.c.i.embedder.EclipseLogger - Using 'UTF-8' encoding to copy filtered resources.
2022-06-15 12:23:06,895 [Worker-58: Building] INFO  o.e.m.c.i.embedder.EclipseLogger - skip non existing resourceDirectory /Users/ramanujdas/Documents/Training-Programs/cg-aws-june-2022/employee-app/src/main/resources
2022-06-15 12:23:06,898 [Worker-58: Building] INFO  o.e.m.c.i.embedder.EclipseLogger - Using 'UTF-8' encoding to copy filtered resources.
2022-06-15 12:23:06,898 [Worker-58: Building] INFO  o.e.m.c.i.embedder.EclipseLogger - skip non existing resourceDirectory /Users/ramanujdas/Documents/Training-Programs/cg-aws-june-2022/employee-app/src/test/resources
2022-06-15 12:23:23,562 [Worker-55: Building] INFO  o.e.m.c.i.embedder.EclipseLogger - Using 'UTF-8' encoding to copy filtered resources.
2022-06-15 12:23:23,573 [Worker-55: Building] INFO  o.e.m.c.i.embedder.EclipseLogger - skip non existing resourceDirectory /Users/ramanujdas/Documents/Training-Programs/cg-aws-june-2022/employee-app/src/main/resources
2022-06-15 12:23:23,577 [Worker-55: Building] INFO  o.e.m.c.i.embedder.EclipseLogger - Using 'UTF-8' encoding to copy filtered resources.
2022-06-15 12:23:23,578 [Worker-55: Building] INFO  o.e.m.c.i.embedder.EclipseLogger - skip non existing resourceDirectory /Users/ramanujdas/Documents/Training-Programs/cg-aws-june-2022/employee-app/src/test/resources
2022-06-15 15:52:08,232 [Worker-0: Loading available Gradle versions] INFO  o.e.b.c.i.u.g.PublishedGradleVersions - Gradle version information cache is up-to-date. Trying to read.
2022-06-15 16:03:42,926 [Worker-16: Building] INFO  o.e.m.c.i.embedder.EclipseLogger - Using 'UTF-8' encoding to copy filtered resources.
2022-06-15 16:03:42,933 [Worker-16: Building] INFO  o.e.m.c.i.embedder.EclipseLogger - skip non existing resourceDirectory /Users/ramanujdas/Documents/Training-Programs/cg-aws-june-2022/employee-app/src/main/resources
2022-06-15 16:03:42,942 [Worker-16: Building] INFO  o.e.m.c.i.embedder.EclipseLogger - Using 'UTF-8' encoding to copy filtered resources.
2022-06-15 16:03:42,942 [Worker-16: Building] INFO  o.e.m.c.i.embedder.EclipseLogger - skip non existing resourceDirectory /Users/ramanujdas/Documents/Training-Programs/cg-aws-june-2022/employee-app/src/test/resources
2022-06-16 11:28:36,431 [Worker-4: Loading available Gradle versions] INFO  o.e.b.c.i.u.g.PublishedGradleVersions - Gradle version information cache is out-of-date. Trying to update.
2022-06-16 11:34:16,702 [Worker-0: Building] INFO  o.e.m.c.i.embedder.EclipseLogger - Using 'UTF-8' encoding to copy filtered resources.
2022-06-16 11:34:16,708 [Worker-0: Building] INFO  o.e.m.c.i.embedder.EclipseLogger - skip non existing resourceDirectory /Users/ramanujdas/Documents/Training-Programs/cg-aws-june-2022/employee-app/src/main/resources
2022-06-16 11:34:16,720 [Worker-0: Building] INFO  o.e.m.c.i.embedder.EclipseLogger - Using 'UTF-8' encoding to copy filtered resources.
2022-06-16 11:34:16,721 [Worker-0: Building] INFO  o.e.m.c.i.embedder.EclipseLogger - skip non existing resourceDirectory /Users/ramanujdas/Documents/Training-Programs/cg-aws-june-2022/employee-app/src/test/resources
2022-06-16 11:37:57,641 [Worker-3: Building] INFO  o.e.m.c.i.embedder.EclipseLogger - Using 'UTF-8' encoding to copy filtered resources.
2022-06-16 11:37:57,644 [Worker-3: Building] INFO  o.e.m.c.i.embedder.EclipseLogger - skip non existing resourceDirectory /Users/ramanujdas/Documents/Training-Programs/cg-aws-june-2022/employee-app/src/main/resources
2022-06-16 11:37:57,653 [Worker-3: Building] INFO  o.e.m.c.i.embedder.EclipseLogger - Using 'UTF-8' encoding to copy filtered resources.
2022-06-16 11:37:57,654 [Worker-3: Building] INFO  o.e.m.c.i.embedder.EclipseLogger - skip non existing resourceDirectory /Users/ramanujdas/Documents/Training-Programs/cg-aws-june-2022/employee-app/src/test/resources
2022-06-16 11:38:41,979 [Worker-14: Building] INFO  o.e.m.c.i.embedder.EclipseLogger - Using 'UTF-8' encoding to copy filtered resources.
2022-06-16 11:38:41,981 [Worker-14: Building] INFO  o.e.m.c.i.embedder.EclipseLogger - skip non existing resourceDirectory /Users/ramanujdas/Documents/Training-Programs/cg-aws-june-2022/employee-app/src/main/resources
2022-06-16 11:38:41,989 [Worker-14: Building] INFO  o.e.m.c.i.embedder.EclipseLogger - Using 'UTF-8' encoding to copy filtered resources.
2022-06-16 11:38:41,990 [Worker-14: Building] INFO  o.e.m.c.i.embedder.EclipseLogger - skip non existing resourceDirectory /Users/ramanujdas/Documents/Training-Programs/cg-aws-june-2022/employee-app/src/test/resources
2022-06-16 11:40:40,461 [Worker-17: Building] INFO  o.e.m.c.i.embedder.EclipseLogger - Using 'UTF-8' encoding to copy filtered resources.
2022-06-16 11:40:40,463 [Worker-17: Building] INFO  o.e.m.c.i.embedder.EclipseLogger - skip non existing resourceDirectory /Users/ramanujdas/Documents/Training-Programs/cg-aws-june-2022/employee-app/src/main/resources
2022-06-16 11:40:40,470 [Worker-17: Building] INFO  o.e.m.c.i.embedder.EclipseLogger - Using 'UTF-8' encoding to copy filtered resources.
2022-06-16 11:40:40,470 [Worker-17: Building] INFO  o.e.m.c.i.embedder.EclipseLogger - skip non existing resourceDirectory /Users/ramanujdas/Documents/Training-Programs/cg-aws-june-2022/employee-app/src/test/resources
2022-06-16 11:40:45,054 [Worker-6: Building] INFO  o.e.m.c.i.embedder.EclipseLogger - Using 'UTF-8' encoding to copy filtered resources.
2022-06-16 11:40:45,054 [Worker-6: Building] INFO  o.e.m.c.i.embedder.EclipseLogger - skip non existing resourceDirectory /Users/ramanujdas/Documents/Training-Programs/cg-aws-june-2022/employee-app/src/main/resources
2022-06-16 11:40:45,057 [Worker-6: Building] INFO  o.e.m.c.i.embedder.EclipseLogger - Using 'UTF-8' encoding to copy filtered resources.
2022-06-16 11:40:45,058 [Worker-6: Building] INFO  o.e.m.c.i.embedder.EclipseLogger - skip non existing resourceDirectory /Users/ramanujdas/Documents/Training-Programs/cg-aws-june-2022/employee-app/src/test/resources
2022-06-16 11:42:10,205 [Worker-18: Building] INFO  o.e.m.c.i.embedder.EclipseLogger - Using 'UTF-8' encoding to copy filtered resources.
2022-06-16 11:42:10,209 [Worker-18: Building] INFO  o.e.m.c.i.embedder.EclipseLogger - skip non existing resourceDirectory /Users/ramanujdas/Documents/Training-Programs/cg-aws-june-2022/employee-app/src/main/resources
2022-06-16 11:42:10,213 [Worker-18: Building] INFO  o.e.m.c.i.embedder.EclipseLogger - Using 'UTF-8' encoding to copy filtered resources.
2022-06-16 11:42:10,214 [Worker-18: Building] INFO  o.e.m.c.i.embedder.EclipseLogger - skip non existing resourceDirectory /Users/ramanujdas/Documents/Training-Programs/cg-aws-june-2022/employee-app/src/test/resources
2022-06-16 11:43:15,623 [Worker-6: Building] INFO  o.e.m.c.i.embedder.EclipseLogger - Using 'UTF-8' encoding to copy filtered resources.
2022-06-16 11:43:15,625 [Worker-6: Building] INFO  o.e.m.c.i.embedder.EclipseLogger - skip non existing resourceDirectory /Users/ramanujdas/Documents/Training-Programs/cg-aws-june-2022/employee-app/src/main/resources
2022-06-16 11:43:15,628 [Worker-6: Building] INFO  o.e.m.c.i.embedder.EclipseLogger - Using 'UTF-8' encoding to copy filtered resources.
2022-06-16 11:43:15,629 [Worker-6: Building] INFO  o.e.m.c.i.embedder.EclipseLogger - skip non existing resourceDirectory /Users/ramanujdas/Documents/Training-Programs/cg-aws-june-2022/employee-app/src/test/resources
2022-06-16 11:45:56,455 [Worker-17: Building] INFO  o.e.m.c.i.embedder.EclipseLogger - Using 'UTF-8' encoding to copy filtered resources.
2022-06-16 11:45:56,457 [Worker-17: Building] INFO  o.e.m.c.i.embedder.EclipseLogger - skip non existing resourceDirectory /Users/ramanujdas/Documents/Training-Programs/cg-aws-june-2022/employee-app/src/main/resources
2022-06-16 11:45:56,468 [Worker-17: Building] INFO  o.e.m.c.i.embedder.EclipseLogger - Using 'UTF-8' encoding to copy filtered resources.
2022-06-16 11:45:56,469 [Worker-17: Building] INFO  o.e.m.c.i.embedder.EclipseLogger - skip non existing resourceDirectory /Users/ramanujdas/Documents/Training-Programs/cg-aws-june-2022/employee-app/src/test/resources
2022-06-16 11:49:29,754 [Worker-17: Building] INFO  o.e.m.c.i.embedder.EclipseLogger - Using 'UTF-8' encoding to copy filtered resources.
2022-06-16 11:49:29,758 [Worker-17: Building] INFO  o.e.m.c.i.embedder.EclipseLogger - skip non existing resourceDirectory /Users/ramanujdas/Documents/Training-Programs/cg-aws-june-2022/employee-app/src/main/resources
2022-06-16 11:49:29,761 [Worker-17: Building] INFO  o.e.m.c.i.embedder.EclipseLogger - Using 'UTF-8' encoding to copy filtered resources.
2022-06-16 11:49:29,762 [Worker-17: Building] INFO  o.e.m.c.i.embedder.EclipseLogger - skip non existing resourceDirectory /Users/ramanujdas/Documents/Training-Programs/cg-aws-june-2022/employee-app/src/test/resources
2022-06-16 11:50:48,410 [Worker-14: Building] INFO  o.e.m.c.i.embedder.EclipseLogger - Using 'UTF-8' encoding to copy filtered resources.
2022-06-16 11:50:48,417 [Worker-14: Building] INFO  o.e.m.c.i.embedder.EclipseLogger - skip non existing resourceDirectory /Users/ramanujdas/Documents/Training-Programs/cg-aws-june-2022/employee-app/src/main/resources
2022-06-16 11:50:48,435 [Worker-14: Building] INFO  o.e.m.c.i.embedder.EclipseLogger - Using 'UTF-8' encoding to copy filtered resources.
2022-06-16 11:50:48,435 [Worker-14: Building] INFO  o.e.m.c.i.embedder.EclipseLogger - skip non existing resourceDirectory /Users/ramanujdas/Documents/Training-Programs/cg-aws-june-2022/employee-app/src/test/resources
2022-06-16 11:52:11,121 [Worker-3: Building] INFO  o.e.m.c.i.embedder.EclipseLogger - Using 'UTF-8' encoding to copy filtered resources.
2022-06-16 11:52:11,124 [Worker-3: Building] INFO  o.e.m.c.i.embedder.EclipseLogger - skip non existing resourceDirectory /Users/ramanujdas/Documents/Training-Programs/cg-aws-june-2022/employee-app/src/main/resources
2022-06-16 11:52:11,126 [Worker-3: Building] INFO  o.e.m.c.i.embedder.EclipseLogger - Using 'UTF-8' encoding to copy filtered resources.
2022-06-16 11:52:11,126 [Worker-3: Building] INFO  o.e.m.c.i.embedder.EclipseLogger - skip non existing resourceDirectory /Users/ramanujdas/Documents/Training-Programs/cg-aws-june-2022/employee-app/src/test/resources
2022-06-16 11:59:26,202 [Worker-17: Building] INFO  o.e.m.c.i.embedder.EclipseLogger - Using 'UTF-8' encoding to copy filtered resources.
2022-06-16 11:59:26,209 [Worker-17: Building] INFO  o.e.m.c.i.embedder.EclipseLogger - skip non existing resourceDirectory /Users/ramanujdas/Documents/Training-Programs/cg-aws-june-2022/employee-app/src/main/resources
2022-06-16 11:59:26,215 [Worker-17: Building] INFO  o.e.m.c.i.embedder.EclipseLogger - Using 'UTF-8' encoding to copy filtered resources.
2022-06-16 11:59:26,215 [Worker-17: Building] INFO  o.e.m.c.i.embedder.EclipseLogger - skip non existing resourceDirectory /Users/ramanujdas/Documents/Training-Programs/cg-aws-june-2022/employee-app/src/test/resources
2022-06-16 12:01:49,661 [Worker-20: Building] INFO  o.e.m.c.i.embedder.EclipseLogger - Using 'UTF-8' encoding to copy filtered resources.
2022-06-16 12:01:49,666 [Worker-20: Building] INFO  o.e.m.c.i.embedder.EclipseLogger - skip non existing resourceDirectory /Users/ramanujdas/Documents/Training-Programs/cg-aws-june-2022/employee-app/src/main/resources
2022-06-16 12:01:49,668 [Worker-20: Building] INFO  o.e.m.c.i.embedder.EclipseLogger - Using 'UTF-8' encoding to copy filtered resources.
2022-06-16 12:01:49,668 [Worker-20: Building] INFO  o.e.m.c.i.embedder.EclipseLogger - skip non existing resourceDirectory /Users/ramanujdas/Documents/Training-Programs/cg-aws-june-2022/employee-app/src/test/resources
2022-06-16 12:02:54,752 [Worker-22: Building] INFO  o.e.m.c.i.embedder.EclipseLogger - Using 'UTF-8' encoding to copy filtered resources.
2022-06-16 12:02:54,756 [Worker-22: Building] INFO  o.e.m.c.i.embedder.EclipseLogger - skip non existing resourceDirectory /Users/ramanujdas/Documents/Training-Programs/cg-aws-june-2022/employee-app/src/main/resources
2022-06-16 12:02:54,759 [Worker-22: Building] INFO  o.e.m.c.i.embedder.EclipseLogger - Using 'UTF-8' encoding to copy filtered resources.
2022-06-16 12:02:54,760 [Worker-22: Building] INFO  o.e.m.c.i.embedder.EclipseLogger - skip non existing resourceDirectory /Users/ramanujdas/Documents/Training-Programs/cg-aws-june-2022/employee-app/src/test/resources
2022-06-16 12:04:12,811 [Worker-17: Building] INFO  o.e.m.c.i.embedder.EclipseLogger - Using 'UTF-8' encoding to copy filtered resources.
2022-06-16 12:04:12,818 [Worker-17: Building] INFO  o.e.m.c.i.embedder.EclipseLogger - skip non existing resourceDirectory /Users/ramanujdas/Documents/Training-Programs/cg-aws-june-2022/employee-app/src/main/resources
2022-06-16 12:04:12,820 [Worker-17: Building] INFO  o.e.m.c.i.embedder.EclipseLogger - Using 'UTF-8' encoding to copy filtered resources.
2022-06-16 12:04:12,820 [Worker-17: Building] INFO  o.e.m.c.i.embedder.EclipseLogger - skip non existing resourceDirectory /Users/ramanujdas/Documents/Training-Programs/cg-aws-june-2022/employee-app/src/test/resources
2022-06-16 12:05:27,806 [Worker-20: Building] INFO  o.e.m.c.i.embedder.EclipseLogger - Using 'UTF-8' encoding to copy filtered resources.
2022-06-16 12:05:27,819 [Worker-20: Building] INFO  o.e.m.c.i.embedder.EclipseLogger - skip non existing resourceDirectory /Users/ramanujdas/Documents/Training-Programs/cg-aws-june-2022/employee-app/src/main/resources
2022-06-16 12:05:27,840 [Worker-20: Building] INFO  o.e.m.c.i.embedder.EclipseLogger - Using 'UTF-8' encoding to copy filtered resources.
2022-06-16 12:05:27,840 [Worker-20: Building] INFO  o.e.m.c.i.embedder.EclipseLogger - skip non existing resourceDirectory /Users/ramanujdas/Documents/Training-Programs/cg-aws-june-2022/employee-app/src/test/resources
2022-06-16 12:06:59,493 [Worker-14: Building] INFO  o.e.m.c.i.embedder.EclipseLogger - Using 'UTF-8' encoding to copy filtered resources.
2022-06-16 12:06:59,507 [Worker-14: Building] INFO  o.e.m.c.i.embedder.EclipseLogger - skip non existing resourceDirectory /Users/ramanujdas/Documents/Training-Programs/cg-aws-june-2022/employee-app/src/main/resources
2022-06-16 12:06:59,510 [Worker-14: Building] INFO  o.e.m.c.i.embedder.EclipseLogger - Using 'UTF-8' encoding to copy filtered resources.
2022-06-16 12:06:59,511 [Worker-14: Building] INFO  o.e.m.c.i.embedder.EclipseLogger - skip non existing resourceDirectory /Users/ramanujdas/Documents/Training-Programs/cg-aws-june-2022/employee-app/src/test/resources
2022-06-16 12:07:36,386 [Worker-26: Building] INFO  o.e.m.c.i.embedder.EclipseLogger - Using 'UTF-8' encoding to copy filtered resources.
2022-06-16 12:07:36,396 [Worker-26: Building] INFO  o.e.m.c.i.embedder.EclipseLogger - skip non existing resourceDirectory /Users/ramanujdas/Documents/Training-Programs/cg-aws-june-2022/employee-app/src/main/resources
2022-06-16 12:07:36,400 [Worker-26: Building] INFO  o.e.m.c.i.embedder.EclipseLogger - Using 'UTF-8' encoding to copy filtered resources.
2022-06-16 12:07:36,400 [Worker-26: Building] INFO  o.e.m.c.i.embedder.EclipseLogger - skip non existing resourceDirectory /Users/ramanujdas/Documents/Training-Programs/cg-aws-june-2022/employee-app/src/test/resources
2022-06-16 12:11:11,245 [Worker-29: Building] INFO  o.e.m.c.i.embedder.EclipseLogger - Using 'UTF-8' encoding to copy filtered resources.
2022-06-16 12:11:11,262 [Worker-29: Building] INFO  o.e.m.c.i.embedder.EclipseLogger - skip non existing resourceDirectory /Users/ramanujdas/Documents/Training-Programs/cg-aws-june-2022/employee-app/src/main/resources
2022-06-16 12:11:11,277 [Worker-29: Building] INFO  o.e.m.c.i.embedder.EclipseLogger - Using 'UTF-8' encoding to copy filtered resources.
2022-06-16 12:11:11,278 [Worker-29: Building] INFO  o.e.m.c.i.embedder.EclipseLogger - skip non existing resourceDirectory /Users/ramanujdas/Documents/Training-Programs/cg-aws-june-2022/employee-app/src/test/resources
2022-06-16 12:11:40,554 [Worker-27: Building] INFO  o.e.m.c.i.embedder.EclipseLogger - Using 'UTF-8' encoding to copy filtered resources.
2022-06-16 12:11:40,587 [Worker-27: Building] INFO  o.e.m.c.i.embedder.EclipseLogger - skip non existing resourceDirectory /Users/ramanujdas/Documents/Training-Programs/cg-aws-june-2022/employee-app/src/main/resources
2022-06-16 12:11:40,623 [Worker-27: Building] INFO  o.e.m.c.i.embedder.EclipseLogger - Using 'UTF-8' encoding to copy filtered resources.
2022-06-16 12:11:40,623 [Worker-27: Building] INFO  o.e.m.c.i.embedder.EclipseLogger - skip non existing resourceDirectory /Users/ramanujdas/Documents/Training-Programs/cg-aws-june-2022/employee-app/src/test/resources
2022-06-16 12:12:03,622 [Worker-14: Building] INFO  o.e.m.c.i.embedder.EclipseLogger - Using 'UTF-8' encoding to copy filtered resources.
2022-06-16 12:12:03,625 [Worker-14: Building] INFO  o.e.m.c.i.embedder.EclipseLogger - skip non existing resourceDirectory /Users/ramanujdas/Documents/Training-Programs/cg-aws-june-2022/employee-app/src/main/resources
2022-06-16 12:12:03,628 [Worker-14: Building] INFO  o.e.m.c.i.embedder.EclipseLogger - Using 'UTF-8' encoding to copy filtered resources.
2022-06-16 12:12:03,628 [Worker-14: Building] INFO  o.e.m.c.i.embedder.EclipseLogger - skip non existing resourceDirectory /Users/ramanujdas/Documents/Training-Programs/cg-aws-june-2022/employee-app/src/test/resources
2022-06-16 12:12:28,728 [Worker-20: Building] INFO  o.e.m.c.i.embedder.EclipseLogger - Using 'UTF-8' encoding to copy filtered resources.
2022-06-16 12:12:28,734 [Worker-20: Building] INFO  o.e.m.c.i.embedder.EclipseLogger - skip non existing resourceDirectory /Users/ramanujdas/Documents/Training-Programs/cg-aws-june-2022/employee-app/src/main/resources
2022-06-16 12:12:28,735 [Worker-20: Building] INFO  o.e.m.c.i.embedder.EclipseLogger - Using 'UTF-8' encoding to copy filtered resources.
2022-06-16 12:12:28,736 [Worker-20: Building] INFO  o.e.m.c.i.embedder.EclipseLogger - skip non existing resourceDirectory /Users/ramanujdas/Documents/Training-Programs/cg-aws-june-2022/employee-app/src/test/resources
2022-06-16 12:14:09,896 [Worker-14: Building] INFO  o.e.m.c.i.embedder.EclipseLogger - Using 'UTF-8' encoding to copy filtered resources.
2022-06-16 12:14:09,914 [Worker-14: Building] INFO  o.e.m.c.i.embedder.EclipseLogger - skip non existing resourceDirectory /Users/ramanujdas/Documents/Training-Programs/cg-aws-june-2022/employee-app/src/main/resources
2022-06-16 12:14:09,970 [Worker-14: Building] INFO  o.e.m.c.i.embedder.EclipseLogger - Using 'UTF-8' encoding to copy filtered resources.
2022-06-16 12:14:09,970 [Worker-14: Building] INFO  o.e.m.c.i.embedder.EclipseLogger - skip non existing resourceDirectory /Users/ramanujdas/Documents/Training-Programs/cg-aws-june-2022/employee-app/src/test/resources
2022-06-16 12:16:41,713 [Worker-25: Building] INFO  o.e.m.c.i.embedder.EclipseLogger - Using 'UTF-8' encoding to copy filtered resources.
2022-06-16 12:16:41,719 [Worker-25: Building] INFO  o.e.m.c.i.embedder.EclipseLogger - skip non existing resourceDirectory /Users/ramanujdas/Documents/Training-Programs/cg-aws-june-2022/employee-app/src/main/resources
2022-06-16 12:16:41,722 [Worker-25: Building] INFO  o.e.m.c.i.embedder.EclipseLogger - Using 'UTF-8' encoding to copy filtered resources.
2022-06-16 12:16:41,722 [Worker-25: Building] INFO  o.e.m.c.i.embedder.EclipseLogger - skip non existing resourceDirectory /Users/ramanujdas/Documents/Training-Programs/cg-aws-june-2022/employee-app/src/test/resources
2022-06-16 12:17:05,954 [Worker-31: Building] INFO  o.e.m.c.i.embedder.EclipseLogger - Using 'UTF-8' encoding to copy filtered resources.
2022-06-16 12:17:05,959 [Worker-31: Building] INFO  o.e.m.c.i.embedder.EclipseLogger - skip non existing resourceDirectory /Users/ramanujdas/Documents/Training-Programs/cg-aws-june-2022/employee-app/src/main/resources
2022-06-16 12:17:05,962 [Worker-31: Building] INFO  o.e.m.c.i.embedder.EclipseLogger - Using 'UTF-8' encoding to copy filtered resources.
2022-06-16 12:17:05,963 [Worker-31: Building] INFO  o.e.m.c.i.embedder.EclipseLogger - skip non existing resourceDirectory /Users/ramanujdas/Documents/Training-Programs/cg-aws-june-2022/employee-app/src/test/resources
2022-06-16 12:17:15,154 [Worker-33: Building] INFO  o.e.m.c.i.embedder.EclipseLogger - Using 'UTF-8' encoding to copy filtered resources.
2022-06-16 12:17:15,158 [Worker-33: Building] INFO  o.e.m.c.i.embedder.EclipseLogger - skip non existing resourceDirectory /Users/ramanujdas/Documents/Training-Programs/cg-aws-june-2022/employee-app/src/main/resources
2022-06-16 12:17:15,163 [Worker-33: Building] INFO  o.e.m.c.i.embedder.EclipseLogger - Using 'UTF-8' encoding to copy filtered resources.
2022-06-16 12:17:15,163 [Worker-33: Building] INFO  o.e.m.c.i.embedder.EclipseLogger - skip non existing resourceDirectory /Users/ramanujdas/Documents/Training-Programs/cg-aws-june-2022/employee-app/src/test/resources
2022-06-16 12:17:19,247 [Worker-32: Building] INFO  o.e.m.c.i.embedder.EclipseLogger - Using 'UTF-8' encoding to copy filtered resources.
2022-06-16 12:17:19,249 [Worker-32: Building] INFO  o.e.m.c.i.embedder.EclipseLogger - skip non existing resourceDirectory /Users/ramanujdas/Documents/Training-Programs/cg-aws-june-2022/employee-app/src/main/resources
2022-06-16 12:17:19,250 [Worker-32: Building] INFO  o.e.m.c.i.embedder.EclipseLogger - Using 'UTF-8' encoding to copy filtered resources.
2022-06-16 12:17:19,250 [Worker-32: Building] INFO  o.e.m.c.i.embedder.EclipseLogger - skip non existing resourceDirectory /Users/ramanujdas/Documents/Training-Programs/cg-aws-june-2022/employee-app/src/test/resources
2022-06-16 12:17:47,864 [Worker-26: Building] INFO  o.e.m.c.i.embedder.EclipseLogger - Using 'UTF-8' encoding to copy filtered resources.
2022-06-16 12:17:47,867 [Worker-26: Building] INFO  o.e.m.c.i.embedder.EclipseLogger - skip non existing resourceDirectory /Users/ramanujdas/Documents/Training-Programs/cg-aws-june-2022/employee-app/src/main/resources
2022-06-16 12:17:47,869 [Worker-26: Building] INFO  o.e.m.c.i.embedder.EclipseLogger - Using 'UTF-8' encoding to copy filtered resources.
2022-06-16 12:17:47,869 [Worker-26: Building] INFO  o.e.m.c.i.embedder.EclipseLogger - skip non existing resourceDirectory /Users/ramanujdas/Documents/Training-Programs/cg-aws-june-2022/employee-app/src/test/resources
2022-06-16 12:18:30,974 [Worker-34: Building] INFO  o.e.m.c.i.embedder.EclipseLogger - Using 'UTF-8' encoding to copy filtered resources.
2022-06-16 12:18:30,987 [Worker-34: Building] INFO  o.e.m.c.i.embedder.EclipseLogger - skip non existing resourceDirectory /Users/ramanujdas/Documents/Training-Programs/cg-aws-june-2022/employee-app/src/main/resources
2022-06-16 12:18:30,993 [Worker-34: Building] INFO  o.e.m.c.i.embedder.EclipseLogger - Using 'UTF-8' encoding to copy filtered resources.
2022-06-16 12:18:30,993 [Worker-34: Building] INFO  o.e.m.c.i.embedder.EclipseLogger - skip non existing resourceDirectory /Users/ramanujdas/Documents/Training-Programs/cg-aws-june-2022/employee-app/src/test/resources
2022-06-16 12:18:33,863 [Worker-32: Building] INFO  o.e.m.c.i.embedder.EclipseLogger - Using 'UTF-8' encoding to copy filtered resources.
2022-06-16 12:18:33,865 [Worker-32: Building] INFO  o.e.m.c.i.embedder.EclipseLogger - skip non existing resourceDirectory /Users/ramanujdas/Documents/Training-Programs/cg-aws-june-2022/employee-app/src/main/resources
2022-06-16 12:18:33,866 [Worker-32: Building] INFO  o.e.m.c.i.embedder.EclipseLogger - Using 'UTF-8' encoding to copy filtered resources.
2022-06-16 12:18:33,866 [Worker-32: Building] INFO  o.e.m.c.i.embedder.EclipseLogger - skip non existing resourceDirectory /Users/ramanujdas/Documents/Training-Programs/cg-aws-june-2022/employee-app/src/test/resources
2022-06-16 12:20:12,754 [Worker-36: Building] INFO  o.e.m.c.i.embedder.EclipseLogger - Using 'UTF-8' encoding to copy filtered resources.
2022-06-16 12:20:12,779 [Worker-36: Building] INFO  o.e.m.c.i.embedder.EclipseLogger - skip non existing resourceDirectory /Users/ramanujdas/Documents/Training-Programs/cg-aws-june-2022/employee-app/src/main/resources
2022-06-16 12:20:12,790 [Worker-36: Building] INFO  o.e.m.c.i.embedder.EclipseLogger - Using 'UTF-8' encoding to copy filtered resources.
2022-06-16 12:20:12,791 [Worker-36: Building] INFO  o.e.m.c.i.embedder.EclipseLogger - skip non existing resourceDirectory /Users/ramanujdas/Documents/Training-Programs/cg-aws-june-2022/employee-app/src/test/resources
2022-06-16 12:20:23,323 [Worker-31: Building] INFO  o.e.m.c.i.embedder.EclipseLogger - Using 'UTF-8' encoding to copy filtered resources.
2022-06-16 12:20:23,326 [Worker-31: Building] INFO  o.e.m.c.i.embedder.EclipseLogger - skip non existing resourceDirectory /Users/ramanujdas/Documents/Training-Programs/cg-aws-june-2022/employee-app/src/main/resources
2022-06-16 12:20:23,331 [Worker-31: Building] INFO  o.e.m.c.i.embedder.EclipseLogger - Using 'UTF-8' encoding to copy filtered resources.
2022-06-16 12:20:23,331 [Worker-31: Building] INFO  o.e.m.c.i.embedder.EclipseLogger - skip non existing resourceDirectory /Users/ramanujdas/Documents/Training-Programs/cg-aws-june-2022/employee-app/src/test/resources
2022-06-16 12:20:47,596 [Worker-33: Building] INFO  o.e.m.c.i.embedder.EclipseLogger - Using 'UTF-8' encoding to copy filtered resources.
2022-06-16 12:20:47,623 [Worker-33: Building] INFO  o.e.m.c.i.embedder.EclipseLogger - skip non existing resourceDirectory /Users/ramanujdas/Documents/Training-Programs/cg-aws-june-2022/employee-app/src/main/resources
2022-06-16 12:20:48,024 [Worker-33: Building] INFO  o.e.m.c.i.embedder.EclipseLogger - Using 'UTF-8' encoding to copy filtered resources.
2022-06-16 12:20:48,075 [Worker-33: Building] INFO  o.e.m.c.i.embedder.EclipseLogger - skip non existing resourceDirectory /Users/ramanujdas/Documents/Training-Programs/cg-aws-june-2022/employee-app/src/test/resources
2022-06-16 12:20:58,328 [Worker-34: Building] INFO  o.e.m.c.i.embedder.EclipseLogger - Using 'UTF-8' encoding to copy filtered resources.
2022-06-16 12:20:58,329 [Worker-34: Building] INFO  o.e.m.c.i.embedder.EclipseLogger - skip non existing resourceDirectory /Users/ramanujdas/Documents/Training-Programs/cg-aws-june-2022/employee-app/src/main/resources
2022-06-16 12:20:58,330 [Worker-34: Building] INFO  o.e.m.c.i.embedder.EclipseLogger - Using 'UTF-8' encoding to copy filtered resources.
2022-06-16 12:20:58,330 [Worker-34: Building] INFO  o.e.m.c.i.embedder.EclipseLogger - skip non existing resourceDirectory /Users/ramanujdas/Documents/Training-Programs/cg-aws-june-2022/employee-app/src/test/resources
2022-06-16 12:21:17,026 [Worker-30: Building] INFO  o.e.m.c.i.embedder.EclipseLogger - Using 'UTF-8' encoding to copy filtered resources.
2022-06-16 12:21:17,028 [Worker-30: Building] INFO  o.e.m.c.i.embedder.EclipseLogger - skip non existing resourceDirectory /Users/ramanujdas/Documents/Training-Programs/cg-aws-june-2022/employee-app/src/main/resources
2022-06-16 12:21:17,029 [Worker-30: Building] INFO  o.e.m.c.i.embedder.EclipseLogger - Using 'UTF-8' encoding to copy filtered resources.
2022-06-16 12:21:17,029 [Worker-30: Building] INFO  o.e.m.c.i.embedder.EclipseLogger - skip non existing resourceDirectory /Users/ramanujdas/Documents/Training-Programs/cg-aws-june-2022/employee-app/src/test/resources
2022-06-16 12:21:34,906 [Worker-35: Building] INFO  o.e.m.c.i.embedder.EclipseLogger - Using 'UTF-8' encoding to copy filtered resources.
2022-06-16 12:21:34,908 [Worker-35: Building] INFO  o.e.m.c.i.embedder.EclipseLogger - skip non existing resourceDirectory /Users/ramanujdas/Documents/Training-Programs/cg-aws-june-2022/employee-app/src/main/resources
2022-06-16 12:21:34,910 [Worker-35: Building] INFO  o.e.m.c.i.embedder.EclipseLogger - Using 'UTF-8' encoding to copy filtered resources.
2022-06-16 12:21:34,910 [Worker-35: Building] INFO  o.e.m.c.i.embedder.EclipseLogger - skip non existing resourceDirectory /Users/ramanujdas/Documents/Training-Programs/cg-aws-june-2022/employee-app/src/test/resources
2022-06-16 12:22:40,308 [Worker-25: Building] INFO  o.e.m.c.i.embedder.EclipseLogger - Using 'UTF-8' encoding to copy filtered resources.
2022-06-16 12:22:40,321 [Worker-25: Building] INFO  o.e.m.c.i.embedder.EclipseLogger - skip non existing resourceDirectory /Users/ramanujdas/Documents/Training-Programs/cg-aws-june-2022/employee-app/src/main/resources
2022-06-16 12:22:40,324 [Worker-25: Building] INFO  o.e.m.c.i.embedder.EclipseLogger - Using 'UTF-8' encoding to copy filtered resources.
2022-06-16 12:22:40,324 [Worker-25: Building] INFO  o.e.m.c.i.embedder.EclipseLogger - skip non existing resourceDirectory /Users/ramanujdas/Documents/Training-Programs/cg-aws-june-2022/employee-app/src/test/resources
2022-06-16 12:24:10,838 [Worker-37: Building] INFO  o.e.m.c.i.embedder.EclipseLogger - Using 'UTF-8' encoding to copy filtered resources.
2022-06-16 12:24:10,843 [Worker-37: Building] INFO  o.e.m.c.i.embedder.EclipseLogger - skip non existing resourceDirectory /Users/ramanujdas/Documents/Training-Programs/cg-aws-june-2022/employee-app/src/main/resources
2022-06-16 12:24:10,847 [Worker-37: Building] INFO  o.e.m.c.i.embedder.EclipseLogger - Using 'UTF-8' encoding to copy filtered resources.
2022-06-16 12:24:10,848 [Worker-37: Building] INFO  o.e.m.c.i.embedder.EclipseLogger - skip non existing resourceDirectory /Users/ramanujdas/Documents/Training-Programs/cg-aws-june-2022/employee-app/src/test/resources
2022-06-16 12:25:09,376 [Worker-34: Building] INFO  o.e.m.c.i.embedder.EclipseLogger - Using 'UTF-8' encoding to copy filtered resources.
2022-06-16 12:25:09,399 [Worker-34: Building] INFO  o.e.m.c.i.embedder.EclipseLogger - skip non existing resourceDirectory /Users/ramanujdas/Documents/Training-Programs/cg-aws-june-2022/employee-app/src/main/resources
2022-06-16 12:25:09,406 [Worker-34: Building] INFO  o.e.m.c.i.embedder.EclipseLogger - Using 'UTF-8' encoding to copy filtered resources.
2022-06-16 12:25:09,423 [Worker-34: Building] INFO  o.e.m.c.i.embedder.EclipseLogger - skip non existing resourceDirectory /Users/ramanujdas/Documents/Training-Programs/cg-aws-june-2022/employee-app/src/test/resources
2022-06-16 12:27:14,259 [Worker-34: Building] INFO  o.e.m.c.i.embedder.EclipseLogger - Using 'UTF-8' encoding to copy filtered resources.
2022-06-16 12:27:14,271 [Worker-34: Building] INFO  o.e.m.c.i.embedder.EclipseLogger - skip non existing resourceDirectory /Users/ramanujdas/Documents/Training-Programs/cg-aws-june-2022/employee-app/src/main/resources
2022-06-16 12:27:14,283 [Worker-34: Building] INFO  o.e.m.c.i.embedder.EclipseLogger - Using 'UTF-8' encoding to copy filtered resources.
2022-06-16 12:27:14,298 [Worker-34: Building] INFO  o.e.m.c.i.embedder.EclipseLogger - skip non existing resourceDirectory /Users/ramanujdas/Documents/Training-Programs/cg-aws-june-2022/employee-app/src/test/resources
